(cd parser0; javacc miniParser0.jj)
Java Compiler Compiler Version 5.0 (Parser Generator)
(type "javacc" with no arguments for help)
Reading from file miniParser0.jj . . .
Warning: Choice conflict in (...)* construct at line 144, column 50.
         Expansion nested within construct and expansion following construct
         have common prefixes, one of which is: "int"
         Consider using a lookahead of 2 or more for nested expansion.
Warning: Choice conflict in (...)* construct at line 174, column 18.
         Expansion nested within construct and expansion following construct
         have common prefixes, one of which is: <ID>
         Consider using a lookahead of 2 or more for nested expansion.
Warning: Choice conflict in [...] construct at line 224, column 56.
         Expansion nested within construct and expansion following construct
         have common prefixes, one of which is: "else"
         Consider using a lookahead of 2 or more for nested expansion.
Warning: Choice conflict involving two expansions at
         line 256, column 5 and line 258, column 5 respectively.
         A common prefix is: "new"
         Consider using a lookahead of 2 for earlier expansion.
Warning: Choice conflict in (...)* construct at line 274, column 5.
         Expansion nested within construct and expansion following construct
         have common prefixes, one of which is: "||"
         Consider using a lookahead of 2 or more for nested expansion.
Warning: Choice conflict in (...)* construct at line 288, column 5.
         Expansion nested within construct and expansion following construct
         have common prefixes, one of which is: "&&"
         Consider using a lookahead of 2 or more for nested expansion.
Warning: Choice conflict in (...)* construct at line 302, column 5.
         Expansion nested within construct and expansion following construct
         have common prefixes, one of which is: "=="
         Consider using a lookahead of 2 or more for nested expansion.
Warning: Line 317, Column 5: This choice can expand to the empty token sequence and will therefore always be taken in favor of the choices appearing later.
Warning: Choice conflict in (...)* construct at line 317, column 5.
         Expansion nested within construct and expansion following construct
         have common prefixes, one of which is: "+"
         Consider using a lookahead of 2 or more for nested expansion.
Warning: Choice conflict in (...)* construct at line 319, column 5.
         Expansion nested within construct and expansion following construct
         have common prefixes, one of which is: "-"
         Consider using a lookahead of 2 or more for nested expansion.
Warning: Line 334, Column 5: This choice can expand to the empty token sequence and will therefore always be taken in favor of the choices appearing later.
Warning: Choice conflict in (...)* construct at line 334, column 5.
         Expansion nested within construct and expansion following construct
         have common prefixes, one of which is: "*"
         Consider using a lookahead of 2 or more for nested expansion.
Warning: Choice conflict in (...)* construct at line 336, column 5.
         Expansion nested within construct and expansion following construct
         have common prefixes, one of which is: "/"
         Consider using a lookahead of 2 or more for nested expansion.
Warning: Choice conflict involving two expansions at
         line 352, column 5 and line 354, column 5 respectively.
         A common prefix is: "this" "."
         Consider using a lookahead of 3 or more for earlier expansion.
Warning: Choice conflict involving two expansions at
         line 354, column 5 and line 356, column 5 respectively.
         A common prefix is: "this" "."
         Consider using a lookahead of 3 or more for earlier expansion.
Warning: Choice conflict in (...)* construct at line 365, column 30.
         Expansion nested within construct and expansion following construct
         have common prefixes, one of which is: "."
         Consider using a lookahead of 2 or more for nested expansion.
File "TokenMgrError.java" is being rebuilt.
File "ParseException.java" is being rebuilt.
File "Token.java" is being rebuilt.
File "SimpleCharStream.java" is being rebuilt.
Parser generated with 0 errors and 16 warnings.
javac -g parser0/miniParser0.java
parser0/miniParser0.java:468: unreachable statement
      jj_consume_token(NEW);
      ^
parser0/miniParser0.java:674: unreachable statement
      Lvalue();
      ^
parser0/miniParser0.java:680: unreachable statement
      Lvalue();
      ^
3 errors
make: *** [parser0/miniParser0.class] Error 1
